[debug] [2021-09-09T01:41:13.567Z] ----------------------------------------------------------------------
[debug] [2021-09-09T01:41:13.569Z] Command:       /usr/bin/node /usr/local/bin/firebase deploy
[debug] [2021-09-09T01:41:13.569Z] CLI Version:   9.13.1
[debug] [2021-09-09T01:41:13.569Z] Platform:      linux
[debug] [2021-09-09T01:41:13.569Z] Node Version:  v14.17.0
[debug] [2021-09-09T01:41:13.569Z] Time:          Thu Sep 09 2021 03:41:13 GMT+0200 (Central Africa Time)
[debug] [2021-09-09T01:41:13.569Z] ----------------------------------------------------------------------
[debug] 
[debug] [2021-09-09T01:41:13.574Z] > command requires scopes: ["email","openid","https://www.googleapis.com/auth/cloudplatformprojects.readonly","https://www.googleapis.com/auth/firebase","https://www.googleapis.com/auth/cloud-platform"]
[debug] [2021-09-09T01:41:13.574Z] > authorizing via signed-in user (amleshiba@gmail.com)
[debug] [2021-09-09T01:41:13.574Z] [iam] checking project letsgo-ny-api-ass for permissions ["firebase.projects.get","firebasehosting.sites.update"]
[debug] [2021-09-09T01:41:13.576Z] > refreshing access token with scopes: ["email","https://www.googleapis.com/auth/cloud-platform","https://www.googleapis.com/auth/cloudplatformprojects.readonly","https://www.googleapis.com/auth/firebase","openid"]
[debug] [2021-09-09T01:41:13.576Z] >>> HTTP REQUEST POST https://www.googleapis.com/oauth2/v3/token  
 <request body omitted>
[debug] [2021-09-09T01:41:14.256Z] <<< HTTP RESPONSE 200 {"pragma":"no-cache","date":"Thu, 09 Sep 2021 01:41:14 GMT","expires":"Mon, 01 Jan 1990 00:00:00 GMT","cache-control":"no-cache, no-store, max-age=0, must-revalidate","content-type":"application/json; charset=utf-8","vary":"X-Origin, Referer, Origin,Accept-Encoding","server":"scaffolding on HTTPServer2","x-xss-protection":"0","x-frame-options":"SAMEORIGIN","x-content-type-options":"nosniff","alt-svc":"h3=\":443\"; ma=2592000,h3-29=\":443\"; ma=2592000,h3-T051=\":443\"; ma=2592000,h3-Q050=\":443\"; ma=2592000,h3-Q046=\":443\"; ma=2592000,h3-Q043=\":443\"; ma=2592000,quic=\":443\"; ma=2592000; v=\"46,43\"","accept-ranges":"none","transfer-encoding":"chunked"}
[debug] [2021-09-09T01:41:14.307Z] >>> HTTP REQUEST POST https://cloudresourcemanager.googleapis.com/v1/projects/letsgo-ny-api-ass:testIamPermissions  
 {"permissions":["firebase.projects.get","firebasehosting.sites.update"]}
[debug] [2021-09-09T01:41:16.400Z] <<< HTTP RESPONSE 200 {"content-type":"application/json; charset=UTF-8","vary":"X-Origin, Referer, Origin,Accept-Encoding","date":"Thu, 09 Sep 2021 01:41:16 GMT","server":"ESF","cache-control":"private","x-xss-protection":"0","x-frame-options":"SAMEORIGIN","x-content-type-options":"nosniff","server-timing":"gfet4t7; dur=1787","alt-svc":"h3=\":443\"; ma=2592000,h3-29=\":443\"; ma=2592000,h3-T051=\":443\"; ma=2592000,h3-Q050=\":443\"; ma=2592000,h3-Q046=\":443\"; ma=2592000,h3-Q043=\":443\"; ma=2592000,quic=\":443\"; ma=2592000; v=\"46,43\"","accept-ranges":"none","transfer-encoding":"chunked"}
[debug] [2021-09-09T01:41:16.405Z] > refreshing access token with scopes: []
[debug] [2021-09-09T01:41:16.405Z] >>> HTTP REQUEST POST https://www.googleapis.com/oauth2/v3/token  
 <request body omitted>
[debug] [2021-09-09T01:41:16.964Z] <<< HTTP RESPONSE 200 {"date":"Thu, 09 Sep 2021 01:41:16 GMT","expires":"Mon, 01 Jan 1990 00:00:00 GMT","cache-control":"no-cache, no-store, max-age=0, must-revalidate","pragma":"no-cache","content-type":"application/json; charset=utf-8","vary":"X-Origin, Referer, Origin,Accept-Encoding","server":"scaffolding on HTTPServer2","x-xss-protection":"0","x-frame-options":"SAMEORIGIN","x-content-type-options":"nosniff","alt-svc":"h3=\":443\"; ma=2592000,h3-29=\":443\"; ma=2592000,h3-T051=\":443\"; ma=2592000,h3-Q050=\":443\"; ma=2592000,h3-Q046=\":443\"; ma=2592000,h3-Q043=\":443\"; ma=2592000,quic=\":443\"; ma=2592000; v=\"46,43\"","accept-ranges":"none","transfer-encoding":"chunked"}
[debug] [2021-09-09T01:41:16.977Z] >>> [apiv2][query] GET https://firebase.googleapis.com/v1beta1/projects/letsgo-ny-api-ass [none]
[debug] [2021-09-09T01:41:18.071Z] <<< [apiv2][status] GET https://firebase.googleapis.com/v1beta1/projects/letsgo-ny-api-ass 200
[debug] [2021-09-09T01:41:18.071Z] <<< [apiv2][body] GET https://firebase.googleapis.com/v1beta1/projects/letsgo-ny-api-ass {"projectId":"letsgo-ny-api-ass","projectNumber":"925308483984","displayName":"letsgo-ny-api-ass","name":"projects/letsgo-ny-api-ass","resources":{"hostingSite":"letsgo-ny-api-ass"},"state":"ACTIVE"}
[info] 
[info] === Deploying to 'letsgo-ny-api-ass'...
[info] 
[info] i  deploying hosting 
[debug] [2021-09-09T01:41:18.076Z] > refreshing access token with scopes: ["email","https://www.googleapis.com/auth/cloud-platform","https://www.googleapis.com/auth/cloudplatformprojects.readonly","https://www.googleapis.com/auth/firebase","openid"]
[debug] [2021-09-09T01:41:18.076Z] >>> HTTP REQUEST POST https://www.googleapis.com/oauth2/v3/token  
 <request body omitted>
[debug] [2021-09-09T01:41:18.515Z] <<< HTTP RESPONSE 200 {"pragma":"no-cache","expires":"Mon, 01 Jan 1990 00:00:00 GMT","date":"Thu, 09 Sep 2021 01:41:18 GMT","cache-control":"no-cache, no-store, max-age=0, must-revalidate","content-type":"application/json; charset=utf-8","vary":"X-Origin, Referer, Origin,Accept-Encoding","server":"scaffolding on HTTPServer2","x-xss-protection":"0","x-frame-options":"SAMEORIGIN","x-content-type-options":"nosniff","alt-svc":"h3=\":443\"; ma=2592000,h3-29=\":443\"; ma=2592000,h3-T051=\":443\"; ma=2592000,h3-Q050=\":443\"; ma=2592000,h3-Q046=\":443\"; ma=2592000,h3-Q043=\":443\"; ma=2592000,quic=\":443\"; ma=2592000; v=\"46,43\"","accept-ranges":"none","transfer-encoding":"chunked"}
[debug] [2021-09-09T01:41:18.528Z] >>> HTTP REQUEST POST https://firebasehosting.googleapis.com/v1beta1/sites/letsgo-ny-api-ass/versions  
 {"config":{"rewrites":[{"glob":"**","path":"/index.html"}]},"labels":{"deployment-tool":"cli-firebase"}}
[debug] [2021-09-09T01:41:21.833Z] <<< HTTP RESPONSE 200 {"content-type":"application/json; charset=UTF-8","vary":"X-Origin, Referer, Origin,Accept-Encoding","date":"Thu, 09 Sep 2021 01:41:21 GMT","server":"ESF","cache-control":"private","x-xss-protection":"0","x-frame-options":"SAMEORIGIN","x-content-type-options":"nosniff","alt-svc":"h3=\":443\"; ma=2592000,h3-29=\":443\"; ma=2592000,h3-T051=\":443\"; ma=2592000,h3-Q050=\":443\"; ma=2592000,h3-Q046=\":443\"; ma=2592000,h3-Q043=\":443\"; ma=2592000,quic=\":443\"; ma=2592000; v=\"46,43\"","accept-ranges":"none","transfer-encoding":"chunked"}
[info] i  hosting[letsgo-ny-api-ass]: beginning deploy... 
[info] i  hosting[letsgo-ny-api-ass]: found 19 files in build 
[debug] [2021-09-09T01:41:21.853Z] [hosting] hash cache [YnVpbGQ] not populated
[debug] [2021-09-09T01:41:21.969Z] > refreshing access token with scopes: []
[debug] [2021-09-09T01:41:21.969Z] >>> HTTP REQUEST POST https://www.googleapis.com/oauth2/v3/token  
 <request body omitted>
[debug] [2021-09-09T01:41:21.971Z] [hosting] hash cache [YnVpbGQ] stored for 19 files
[debug] [2021-09-09T01:41:21.971Z] [hosting][hash queue][FINAL] {"max":112,"min":7,"avg":14.421052631578947,"active":0,"complete":19,"success":19,"errored":0,"retried":0,"total":19,"elapsed":117}
